2020-07-20 18:16:19,436 main ERROR FileManager (/var/log/stardog/stardog.log) java.io.FileNotFoundException: /var/log/stardog/stardog.log (Permission denied) java.io.FileNotFoundException: /var/log/stardog/stardog.log (Permission denied)
	at java.io.FileOutputStream.open0(Native Method)
	at java.io.FileOutputStream.open(FileOutputStream.java:270)
	at java.io.FileOutputStream.<init>(FileOutputStream.java:213)
	at org.apache.logging.log4j.core.appender.FileManager$FileManagerFactory.createManager(FileManager.java:290)
	at org.apache.logging.log4j.core.appender.FileManager$FileManagerFactory.createManager(FileManager.java:274)
	at org.apache.logging.log4j.core.appender.AbstractManager.getManager(AbstractManager.java:112)
	at org.apache.logging.log4j.core.appender.OutputStreamManager.getManager(OutputStreamManager.java:114)
	at org.apache.logging.log4j.core.appender.FileManager.getFileManager(FileManager.java:112)
	at org.apache.logging.log4j.core.appender.FileAppender$Builder.build(FileAppender.java:86)
	at org.apache.logging.log4j.core.appender.FileAppender$Builder.build(FileAppender.java:51)
	at org.apache.logging.log4j.core.config.plugins.util.PluginBuilder.build(PluginBuilder.java:122)
	at org.apache.logging.log4j.core.config.AbstractConfiguration.createPluginObject(AbstractConfiguration.java:952)
	at org.apache.logging.log4j.core.config.AbstractConfiguration.createConfiguration(AbstractConfiguration.java:892)
	at org.apache.logging.log4j.core.config.AbstractConfiguration.createConfiguration(AbstractConfiguration.java:884)
	at org.apache.logging.log4j.core.config.AbstractConfiguration.doConfigure(AbstractConfiguration.java:508)
	at org.apache.logging.log4j.core.config.AbstractConfiguration.initialize(AbstractConfiguration.java:232)
	at org.apache.logging.log4j.core.config.AbstractConfiguration.start(AbstractConfiguration.java:244)
	at org.apache.logging.log4j.core.LoggerContext.setConfiguration(LoggerContext.java:545)
	at org.apache.logging.log4j.core.LoggerContext.reconfigure(LoggerContext.java:617)
	at org.apache.logging.log4j.core.LoggerContext.reconfigure(LoggerContext.java:634)
	at org.apache.logging.log4j.core.LoggerContext.start(LoggerContext.java:229)
	at org.apache.logging.log4j.core.impl.Log4jContextFactory.getContext(Log4jContextFactory.java:152)
	at org.apache.logging.log4j.core.impl.Log4jContextFactory.getContext(Log4jContextFactory.java:45)
	at org.apache.logging.log4j.LogManager.getContext(LogManager.java:194)
	at org.apache.logging.log4j.spi.AbstractLoggerAdapter.getContext(AbstractLoggerAdapter.java:122)
	at org.apache.logging.slf4j.Log4jLoggerFactory.getContext(Log4jLoggerFactory.java:43)
	at org.apache.logging.log4j.spi.AbstractLoggerAdapter.getLogger(AbstractLoggerAdapter.java:46)
	at org.apache.logging.slf4j.Log4jLoggerFactory.getLogger(Log4jLoggerFactory.java:29)
	at org.slf4j.LoggerFactory.getLogger(LoggerFactory.java:358)
	at org.slf4j.LoggerFactory.getLogger(LoggerFactory.java:383)
	at com.complexible.stardog.Environment.<clinit>(Environment.java:26)
	at com.complexible.stardog.cli.admin.CLI.main(CLI.java:181)

2020-07-20 18:16:19,442 main ERROR Unable to inject fields into builder class for plugin type class org.apache.logging.log4j.core.appender.FileAppender, element File. java.lang.IllegalStateException: ManagerFactory [org.apache.logging.log4j.core.appender.FileManager$FileManagerFactory@5552768b] unable to create manager for [/var/log/stardog/stardog.log] with data [org.apache.logging.log4j.core.appender.FileManager$FactoryData@3c947bc5]
	at org.apache.logging.log4j.core.appender.AbstractManager.getManager(AbstractManager.java:114)
	at org.apache.logging.log4j.core.appender.OutputStreamManager.getManager(OutputStreamManager.java:114)
	at org.apache.logging.log4j.core.appender.FileManager.getFileManager(FileManager.java:112)
	at org.apache.logging.log4j.core.appender.FileAppender$Builder.build(FileAppender.java:86)
	at org.apache.logging.log4j.core.appender.FileAppender$Builder.build(FileAppender.java:51)
	at org.apache.logging.log4j.core.config.plugins.util.PluginBuilder.build(PluginBuilder.java:122)
	at org.apache.logging.log4j.core.config.AbstractConfiguration.createPluginObject(AbstractConfiguration.java:952)
	at org.apache.logging.log4j.core.config.AbstractConfiguration.createConfiguration(AbstractConfiguration.java:892)
	at org.apache.logging.log4j.core.config.AbstractConfiguration.createConfiguration(AbstractConfiguration.java:884)
	at org.apache.logging.log4j.core.config.AbstractConfiguration.doConfigure(AbstractConfiguration.java:508)
	at org.apache.logging.log4j.core.config.AbstractConfiguration.initialize(AbstractConfiguration.java:232)
	at org.apache.logging.log4j.core.config.AbstractConfiguration.start(AbstractConfiguration.java:244)
	at org.apache.logging.log4j.core.LoggerContext.setConfiguration(LoggerContext.java:545)
	at org.apache.logging.log4j.core.LoggerContext.reconfigure(LoggerContext.java:617)
	at org.apache.logging.log4j.core.LoggerContext.reconfigure(LoggerContext.java:634)
	at org.apache.logging.log4j.core.LoggerContext.start(LoggerContext.java:229)
	at org.apache.logging.log4j.core.impl.Log4jContextFactory.getContext(Log4jContextFactory.java:152)
	at org.apache.logging.log4j.core.impl.Log4jContextFactory.getContext(Log4jContextFactory.java:45)
	at org.apache.logging.log4j.LogManager.getContext(LogManager.java:194)
	at org.apache.logging.log4j.spi.AbstractLoggerAdapter.getContext(AbstractLoggerAdapter.java:122)
	at org.apache.logging.slf4j.Log4jLoggerFactory.getContext(Log4jLoggerFactory.java:43)
	at org.apache.logging.log4j.spi.AbstractLoggerAdapter.getLogger(AbstractLoggerAdapter.java:46)
	at org.apache.logging.slf4j.Log4jLoggerFactory.getLogger(Log4jLoggerFactory.java:29)
	at org.slf4j.LoggerFactory.getLogger(LoggerFactory.java:358)
	at org.slf4j.LoggerFactory.getLogger(LoggerFactory.java:383)
	at com.complexible.stardog.Environment.<clinit>(Environment.java:26)
	at com.complexible.stardog.cli.admin.CLI.main(CLI.java:181)

2020-07-20 18:16:19,444 main ERROR Unable to invoke factory method in class class org.apache.logging.log4j.core.appender.FileAppender for element File. java.lang.IllegalStateException: No factory method found for class org.apache.logging.log4j.core.appender.FileAppender
	at org.apache.logging.log4j.core.config.plugins.util.PluginBuilder.findFactoryMethod(PluginBuilder.java:224)
	at org.apache.logging.log4j.core.config.plugins.util.PluginBuilder.build(PluginBuilder.java:130)
	at org.apache.logging.log4j.core.config.AbstractConfiguration.createPluginObject(AbstractConfiguration.java:952)
	at org.apache.logging.log4j.core.config.AbstractConfiguration.createConfiguration(AbstractConfiguration.java:892)
	at org.apache.logging.log4j.core.config.AbstractConfiguration.createConfiguration(AbstractConfiguration.java:884)
	at org.apache.logging.log4j.core.config.AbstractConfiguration.doConfigure(AbstractConfiguration.java:508)
	at org.apache.logging.log4j.core.config.AbstractConfiguration.initialize(AbstractConfiguration.java:232)
	at org.apache.logging.log4j.core.config.AbstractConfiguration.start(AbstractConfiguration.java:244)
	at org.apache.logging.log4j.core.LoggerContext.setConfiguration(LoggerContext.java:545)
	at org.apache.logging.log4j.core.LoggerContext.reconfigure(LoggerContext.java:617)
	at org.apache.logging.log4j.core.LoggerContext.reconfigure(LoggerContext.java:634)
	at org.apache.logging.log4j.core.LoggerContext.start(LoggerContext.java:229)
	at org.apache.logging.log4j.core.impl.Log4jContextFactory.getContext(Log4jContextFactory.java:152)
	at org.apache.logging.log4j.core.impl.Log4jContextFactory.getContext(Log4jContextFactory.java:45)
	at org.apache.logging.log4j.LogManager.getContext(LogManager.java:194)
	at org.apache.logging.log4j.spi.AbstractLoggerAdapter.getContext(AbstractLoggerAdapter.java:122)
	at org.apache.logging.slf4j.Log4jLoggerFactory.getContext(Log4jLoggerFactory.java:43)
	at org.apache.logging.log4j.spi.AbstractLoggerAdapter.getLogger(AbstractLoggerAdapter.java:46)
	at org.apache.logging.slf4j.Log4jLoggerFactory.getLogger(Log4jLoggerFactory.java:29)
	at org.slf4j.LoggerFactory.getLogger(LoggerFactory.java:358)
	at org.slf4j.LoggerFactory.getLogger(LoggerFactory.java:383)
	at com.complexible.stardog.Environment.<clinit>(Environment.java:26)
	at com.complexible.stardog.cli.admin.CLI.main(CLI.java:181)

2020-07-20 18:16:19,447 main ERROR FileManager (/var/log/stardog/zookeeper.log) java.io.FileNotFoundException: /var/log/stardog/zookeeper.log (Permission denied) java.io.FileNotFoundException: /var/log/stardog/zookeeper.log (Permission denied)
	at java.io.FileOutputStream.open0(Native Method)
	at java.io.FileOutputStream.open(FileOutputStream.java:270)
	at java.io.FileOutputStream.<init>(FileOutputStream.java:213)
	at org.apache.logging.log4j.core.appender.FileManager$FileManagerFactory.createManager(FileManager.java:290)
	at org.apache.logging.log4j.core.appender.FileManager$FileManagerFactory.createManager(FileManager.java:274)
	at org.apache.logging.log4j.core.appender.AbstractManager.getManager(AbstractManager.java:112)
	at org.apache.logging.log4j.core.appender.OutputStreamManager.getManager(OutputStreamManager.java:114)
	at org.apache.logging.log4j.core.appender.FileManager.getFileManager(FileManager.java:112)
	at org.apache.logging.log4j.core.appender.FileAppender$Builder.build(FileAppender.java:86)
	at org.apache.logging.log4j.core.appender.FileAppender$Builder.build(FileAppender.java:51)
	at org.apache.logging.log4j.core.config.plugins.util.PluginBuilder.build(PluginBuilder.java:122)
	at org.apache.logging.log4j.core.config.AbstractConfiguration.createPluginObject(AbstractConfiguration.java:952)
	at org.apache.logging.log4j.core.config.AbstractConfiguration.createConfiguration(AbstractConfiguration.java:892)
	at org.apache.logging.log4j.core.config.AbstractConfiguration.createConfiguration(AbstractConfiguration.java:884)
	at org.apache.logging.log4j.core.config.AbstractConfiguration.doConfigure(AbstractConfiguration.java:508)
	at org.apache.logging.log4j.core.config.AbstractConfiguration.initialize(AbstractConfiguration.java:232)
	at org.apache.logging.log4j.core.config.AbstractConfiguration.start(AbstractConfiguration.java:244)
	at org.apache.logging.log4j.core.LoggerContext.setConfiguration(LoggerContext.java:545)
	at org.apache.logging.log4j.core.LoggerContext.reconfigure(LoggerContext.java:617)
	at org.apache.logging.log4j.core.LoggerContext.reconfigure(LoggerContext.java:634)
	at org.apache.logging.log4j.core.LoggerContext.start(LoggerContext.java:229)
	at org.apache.logging.log4j.core.impl.Log4jContextFactory.getContext(Log4jContextFactory.java:152)
	at org.apache.logging.log4j.core.impl.Log4jContextFactory.getContext(Log4jContextFactory.java:45)
	at org.apache.logging.log4j.LogManager.getContext(LogManager.java:194)
	at org.apache.logging.log4j.spi.AbstractLoggerAdapter.getContext(AbstractLoggerAdapter.java:122)
	at org.apache.logging.slf4j.Log4jLoggerFactory.getContext(Log4jLoggerFactory.java:43)
	at org.apache.logging.log4j.spi.AbstractLoggerAdapter.getLogger(AbstractLoggerAdapter.java:46)
	at org.apache.logging.slf4j.Log4jLoggerFactory.getLogger(Log4jLoggerFactory.java:29)
	at org.slf4j.LoggerFactory.getLogger(LoggerFactory.java:358)
	at org.slf4j.LoggerFactory.getLogger(LoggerFactory.java:383)
	at com.complexible.stardog.Environment.<clinit>(Environment.java:26)
	at com.complexible.stardog.cli.admin.CLI.main(CLI.java:181)

2020-07-20 18:16:19,448 main ERROR Unable to inject fields into builder class for plugin type class org.apache.logging.log4j.core.appender.FileAppender, element File. java.lang.IllegalStateException: ManagerFactory [org.apache.logging.log4j.core.appender.FileManager$FileManagerFactory@5552768b] unable to create manager for [/var/log/stardog/zookeeper.log] with data [org.apache.logging.log4j.core.appender.FileManager$FactoryData@4a668b6e]
	at org.apache.logging.log4j.core.appender.AbstractManager.getManager(AbstractManager.java:114)
	at org.apache.logging.log4j.core.appender.OutputStreamManager.getManager(OutputStreamManager.java:114)
	at org.apache.logging.log4j.core.appender.FileManager.getFileManager(FileManager.java:112)
	at org.apache.logging.log4j.core.appender.FileAppender$Builder.build(FileAppender.java:86)
	at org.apache.logging.log4j.core.appender.FileAppender$Builder.build(FileAppender.java:51)
	at org.apache.logging.log4j.core.config.plugins.util.PluginBuilder.build(PluginBuilder.java:122)
	at org.apache.logging.log4j.core.config.AbstractConfiguration.createPluginObject(AbstractConfiguration.java:952)
	at org.apache.logging.log4j.core.config.AbstractConfiguration.createConfiguration(AbstractConfiguration.java:892)
	at org.apache.logging.log4j.core.config.AbstractConfiguration.createConfiguration(AbstractConfiguration.java:884)
	at org.apache.logging.log4j.core.config.AbstractConfiguration.doConfigure(AbstractConfiguration.java:508)
	at org.apache.logging.log4j.core.config.AbstractConfiguration.initialize(AbstractConfiguration.java:232)
	at org.apache.logging.log4j.core.config.AbstractConfiguration.start(AbstractConfiguration.java:244)
	at org.apache.logging.log4j.core.LoggerContext.setConfiguration(LoggerContext.java:545)
	at org.apache.logging.log4j.core.LoggerContext.reconfigure(LoggerContext.java:617)
	at org.apache.logging.log4j.core.LoggerContext.reconfigure(LoggerContext.java:634)
	at org.apache.logging.log4j.core.LoggerContext.start(LoggerContext.java:229)
	at org.apache.logging.log4j.core.impl.Log4jContextFactory.getContext(Log4jContextFactory.java:152)
	at org.apache.logging.log4j.core.impl.Log4jContextFactory.getContext(Log4jContextFactory.java:45)
	at org.apache.logging.log4j.LogManager.getContext(LogManager.java:194)
	at org.apache.logging.log4j.spi.AbstractLoggerAdapter.getContext(AbstractLoggerAdapter.java:122)
	at org.apache.logging.slf4j.Log4jLoggerFactory.getContext(Log4jLoggerFactory.java:43)
	at org.apache.logging.log4j.spi.AbstractLoggerAdapter.getLogger(AbstractLoggerAdapter.java:46)
	at org.apache.logging.slf4j.Log4jLoggerFactory.getLogger(Log4jLoggerFactory.java:29)
	at org.slf4j.LoggerFactory.getLogger(LoggerFactory.java:358)
	at org.slf4j.LoggerFactory.getLogger(LoggerFactory.java:383)
	at com.complexible.stardog.Environment.<clinit>(Environment.java:26)
	at com.complexible.stardog.cli.admin.CLI.main(CLI.java:181)

2020-07-20 18:16:19,449 main ERROR Unable to invoke factory method in class class org.apache.logging.log4j.core.appender.FileAppender for element File. java.lang.IllegalStateException: No factory method found for class org.apache.logging.log4j.core.appender.FileAppender
	at org.apache.logging.log4j.core.config.plugins.util.PluginBuilder.findFactoryMethod(PluginBuilder.java:224)
	at org.apache.logging.log4j.core.config.plugins.util.PluginBuilder.build(PluginBuilder.java:130)
	at org.apache.logging.log4j.core.config.AbstractConfiguration.createPluginObject(AbstractConfiguration.java:952)
	at org.apache.logging.log4j.core.config.AbstractConfiguration.createConfiguration(AbstractConfiguration.java:892)
	at org.apache.logging.log4j.core.config.AbstractConfiguration.createConfiguration(AbstractConfiguration.java:884)
	at org.apache.logging.log4j.core.config.AbstractConfiguration.doConfigure(AbstractConfiguration.java:508)
	at org.apache.logging.log4j.core.config.AbstractConfiguration.initialize(AbstractConfiguration.java:232)
	at org.apache.logging.log4j.core.config.AbstractConfiguration.start(AbstractConfiguration.java:244)
	at org.apache.logging.log4j.core.LoggerContext.setConfiguration(LoggerContext.java:545)
	at org.apache.logging.log4j.core.LoggerContext.reconfigure(LoggerContext.java:617)
	at org.apache.logging.log4j.core.LoggerContext.reconfigure(LoggerContext.java:634)
	at org.apache.logging.log4j.core.LoggerContext.start(LoggerContext.java:229)
	at org.apache.logging.log4j.core.impl.Log4jContextFactory.getContext(Log4jContextFactory.java:152)
	at org.apache.logging.log4j.core.impl.Log4jContextFactory.getContext(Log4jContextFactory.java:45)
	at org.apache.logging.log4j.LogManager.getContext(LogManager.java:194)
	at org.apache.logging.log4j.spi.AbstractLoggerAdapter.getContext(AbstractLoggerAdapter.java:122)
	at org.apache.logging.slf4j.Log4jLoggerFactory.getContext(Log4jLoggerFactory.java:43)
	at org.apache.logging.log4j.spi.AbstractLoggerAdapter.getLogger(AbstractLoggerAdapter.java:46)
	at org.apache.logging.slf4j.Log4jLoggerFactory.getLogger(Log4jLoggerFactory.java:29)
	at org.slf4j.LoggerFactory.getLogger(LoggerFactory.java:358)
	at org.slf4j.LoggerFactory.getLogger(LoggerFactory.java:383)
	at com.complexible.stardog.Environment.<clinit>(Environment.java:26)
	at com.complexible.stardog.cli.admin.CLI.main(CLI.java:181)

2020-07-20 18:16:19,450 main ERROR Null object returned for File in Appenders.
2020-07-20 18:16:19,450 main ERROR Null object returned for File in Appenders.
2020-07-20 18:16:19,461 main ERROR Unable to locate appender "stardogAppender" for logger config "root"
2020-07-20 18:16:19,461 main ERROR Unable to locate appender "stardogAppender" for logger config "org.apache.pdfbox.encoding.Encoding"
2020-07-20 18:16:19,462 main ERROR Unable to locate appender "zookeeperAppender" for logger config "org.apache.zookeeper"
2020-07-20 18:16:19,462 main ERROR Unable to locate appender "stardogAppender" for logger config "com.complexible.stardog"
2020-07-20 18:16:19,462 main ERROR Unable to locate appender "stardogAppender" for logger config "org.com.complexible.common.openrdf.rio.RDFWriterRegistry"
2020-07-20 18:16:19,462 main ERROR Unable to locate appender "stardogAppender" for logger config "com.complexible.stardog.Kernels"
A valid Stardog license was not found. Please download a trial license or visit https://stardog.com for more information.
2020-07-20 18:17:29,288 main ERROR FileManager (/var/log/stardog/stardog.log) java.io.FileNotFoundException: /var/log/stardog/stardog.log (Permission denied) java.io.FileNotFoundException: /var/log/stardog/stardog.log (Permission denied)
	at java.io.FileOutputStream.open0(Native Method)
	at java.io.FileOutputStream.open(FileOutputStream.java:270)
	at java.io.FileOutputStream.<init>(FileOutputStream.java:213)
	at org.apache.logging.log4j.core.appender.FileManager$FileManagerFactory.createManager(FileManager.java:290)
	at org.apache.logging.log4j.core.appender.FileManager$FileManagerFactory.createManager(FileManager.java:274)
	at org.apache.logging.log4j.core.appender.AbstractManager.getManager(AbstractManager.java:112)
	at org.apache.logging.log4j.core.appender.OutputStreamManager.getManager(OutputStreamManager.java:114)
	at org.apache.logging.log4j.core.appender.FileManager.getFileManager(FileManager.java:112)
	at org.apache.logging.log4j.core.appender.FileAppender$Builder.build(FileAppender.java:86)
	at org.apache.logging.log4j.core.appender.FileAppender$Builder.build(FileAppender.java:51)
	at org.apache.logging.log4j.core.config.plugins.util.PluginBuilder.build(PluginBuilder.java:122)
	at org.apache.logging.log4j.core.config.AbstractConfiguration.createPluginObject(AbstractConfiguration.java:952)
	at org.apache.logging.log4j.core.config.AbstractConfiguration.createConfiguration(AbstractConfiguration.java:892)
	at org.apache.logging.log4j.core.config.AbstractConfiguration.createConfiguration(AbstractConfiguration.java:884)
	at org.apache.logging.log4j.core.config.AbstractConfiguration.doConfigure(AbstractConfiguration.java:508)
	at org.apache.logging.log4j.core.config.AbstractConfiguration.initialize(AbstractConfiguration.java:232)
	at org.apache.logging.log4j.core.config.AbstractConfiguration.start(AbstractConfiguration.java:244)
	at org.apache.logging.log4j.core.LoggerContext.setConfiguration(LoggerContext.java:545)
	at org.apache.logging.log4j.core.LoggerContext.reconfigure(LoggerContext.java:617)
	at org.apache.logging.log4j.core.LoggerContext.reconfigure(LoggerContext.java:634)
	at org.apache.logging.log4j.core.LoggerContext.start(LoggerContext.java:229)
	at org.apache.logging.log4j.core.impl.Log4jContextFactory.getContext(Log4jContextFactory.java:152)
	at org.apache.logging.log4j.core.impl.Log4jContextFactory.getContext(Log4jContextFactory.java:45)
	at org.apache.logging.log4j.LogManager.getContext(LogManager.java:194)
	at org.apache.logging.log4j.spi.AbstractLoggerAdapter.getContext(AbstractLoggerAdapter.java:122)
	at org.apache.logging.slf4j.Log4jLoggerFactory.getContext(Log4jLoggerFactory.java:43)
	at org.apache.logging.log4j.spi.AbstractLoggerAdapter.getLogger(AbstractLoggerAdapter.java:46)
	at org.apache.logging.slf4j.Log4jLoggerFactory.getLogger(Log4jLoggerFactory.java:29)
	at org.slf4j.LoggerFactory.getLogger(LoggerFactory.java:358)
	at org.slf4j.LoggerFactory.getLogger(LoggerFactory.java:383)
	at com.complexible.stardog.Environment.<clinit>(Environment.java:26)
	at com.complexible.stardog.cli.admin.CLI.main(CLI.java:181)

2020-07-20 18:17:29,293 main ERROR Unable to inject fields into builder class for plugin type class org.apache.logging.log4j.core.appender.FileAppender, element File. java.lang.IllegalStateException: ManagerFactory [org.apache.logging.log4j.core.appender.FileManager$FileManagerFactory@609db43b] unable to create manager for [/var/log/stardog/stardog.log] with data [org.apache.logging.log4j.core.appender.FileManager$FactoryData@55f616cf]
	at org.apache.logging.log4j.core.appender.AbstractManager.getManager(AbstractManager.java:114)
	at org.apache.logging.log4j.core.appender.OutputStreamManager.getManager(OutputStreamManager.java:114)
	at org.apache.logging.log4j.core.appender.FileManager.getFileManager(FileManager.java:112)
	at org.apache.logging.log4j.core.appender.FileAppender$Builder.build(FileAppender.java:86)
	at org.apache.logging.log4j.core.appender.FileAppender$Builder.build(FileAppender.java:51)
	at org.apache.logging.log4j.core.config.plugins.util.PluginBuilder.build(PluginBuilder.java:122)
	at org.apache.logging.log4j.core.config.AbstractConfiguration.createPluginObject(AbstractConfiguration.java:952)
	at org.apache.logging.log4j.core.config.AbstractConfiguration.createConfiguration(AbstractConfiguration.java:892)
	at org.apache.logging.log4j.core.config.AbstractConfiguration.createConfiguration(AbstractConfiguration.java:884)
	at org.apache.logging.log4j.core.config.AbstractConfiguration.doConfigure(AbstractConfiguration.java:508)
	at org.apache.logging.log4j.core.config.AbstractConfiguration.initialize(AbstractConfiguration.java:232)
	at org.apache.logging.log4j.core.config.AbstractConfiguration.start(AbstractConfiguration.java:244)
	at org.apache.logging.log4j.core.LoggerContext.setConfiguration(LoggerContext.java:545)
	at org.apache.logging.log4j.core.LoggerContext.reconfigure(LoggerContext.java:617)
	at org.apache.logging.log4j.core.LoggerContext.reconfigure(LoggerContext.java:634)
	at org.apache.logging.log4j.core.LoggerContext.start(LoggerContext.java:229)
	at org.apache.logging.log4j.core.impl.Log4jContextFactory.getContext(Log4jContextFactory.java:152)
	at org.apache.logging.log4j.core.impl.Log4jContextFactory.getContext(Log4jContextFactory.java:45)
	at org.apache.logging.log4j.LogManager.getContext(LogManager.java:194)
	at org.apache.logging.log4j.spi.AbstractLoggerAdapter.getContext(AbstractLoggerAdapter.java:122)
	at org.apache.logging.slf4j.Log4jLoggerFactory.getContext(Log4jLoggerFactory.java:43)
	at org.apache.logging.log4j.spi.AbstractLoggerAdapter.getLogger(AbstractLoggerAdapter.java:46)
	at org.apache.logging.slf4j.Log4jLoggerFactory.getLogger(Log4jLoggerFactory.java:29)
	at org.slf4j.LoggerFactory.getLogger(LoggerFactory.java:358)
	at org.slf4j.LoggerFactory.getLogger(LoggerFactory.java:383)
	at com.complexible.stardog.Environment.<clinit>(Environment.java:26)
	at com.complexible.stardog.cli.admin.CLI.main(CLI.java:181)

2020-07-20 18:17:29,294 main ERROR Unable to invoke factory method in class class org.apache.logging.log4j.core.appender.FileAppender for element File. java.lang.IllegalStateException: No factory method found for class org.apache.logging.log4j.core.appender.FileAppender
	at org.apache.logging.log4j.core.config.plugins.util.PluginBuilder.findFactoryMethod(PluginBuilder.java:224)
	at org.apache.logging.log4j.core.config.plugins.util.PluginBuilder.build(PluginBuilder.java:130)
	at org.apache.logging.log4j.core.config.AbstractConfiguration.createPluginObject(AbstractConfiguration.java:952)
	at org.apache.logging.log4j.core.config.AbstractConfiguration.createConfiguration(AbstractConfiguration.java:892)
	at org.apache.logging.log4j.core.config.AbstractConfiguration.createConfiguration(AbstractConfiguration.java:884)
	at org.apache.logging.log4j.core.config.AbstractConfiguration.doConfigure(AbstractConfiguration.java:508)
	at org.apache.logging.log4j.core.config.AbstractConfiguration.initialize(AbstractConfiguration.java:232)
	at org.apache.logging.log4j.core.config.AbstractConfiguration.start(AbstractConfiguration.java:244)
	at org.apache.logging.log4j.core.LoggerContext.setConfiguration(LoggerContext.java:545)
	at org.apache.logging.log4j.core.LoggerContext.reconfigure(LoggerContext.java:617)
	at org.apache.logging.log4j.core.LoggerContext.reconfigure(LoggerContext.java:634)
	at org.apache.logging.log4j.core.LoggerContext.start(LoggerContext.java:229)
	at org.apache.logging.log4j.core.impl.Log4jContextFactory.getContext(Log4jContextFactory.java:152)
	at org.apache.logging.log4j.core.impl.Log4jContextFactory.getContext(Log4jContextFactory.java:45)
	at org.apache.logging.log4j.LogManager.getContext(LogManager.java:194)
	at org.apache.logging.log4j.spi.AbstractLoggerAdapter.getContext(AbstractLoggerAdapter.java:122)
	at org.apache.logging.slf4j.Log4jLoggerFactory.getContext(Log4jLoggerFactory.java:43)
	at org.apache.logging.log4j.spi.AbstractLoggerAdapter.getLogger(AbstractLoggerAdapter.java:46)
	at org.apache.logging.slf4j.Log4jLoggerFactory.getLogger(Log4jLoggerFactory.java:29)
	at org.slf4j.LoggerFactory.getLogger(LoggerFactory.java:358)
	at org.slf4j.LoggerFactory.getLogger(LoggerFactory.java:383)
	at com.complexible.stardog.Environment.<clinit>(Environment.java:26)
	at com.complexible.stardog.cli.admin.CLI.main(CLI.java:181)

2020-07-20 18:17:29,297 main ERROR FileManager (/var/log/stardog/zookeeper.log) java.io.FileNotFoundException: /var/log/stardog/zookeeper.log (Permission denied) java.io.FileNotFoundException: /var/log/stardog/zookeeper.log (Permission denied)
	at java.io.FileOutputStream.open0(Native Method)
	at java.io.FileOutputStream.open(FileOutputStream.java:270)
	at java.io.FileOutputStream.<init>(FileOutputStream.java:213)
	at org.apache.logging.log4j.core.appender.FileManager$FileManagerFactory.createManager(FileManager.java:290)
	at org.apache.logging.log4j.core.appender.FileManager$FileManagerFactory.createManager(FileManager.java:274)
	at org.apache.logging.log4j.core.appender.AbstractManager.getManager(AbstractManager.java:112)
	at org.apache.logging.log4j.core.appender.OutputStreamManager.getManager(OutputStreamManager.java:114)
	at org.apache.logging.log4j.core.appender.FileManager.getFileManager(FileManager.java:112)
	at org.apache.logging.log4j.core.appender.FileAppender$Builder.build(FileAppender.java:86)
	at org.apache.logging.log4j.core.appender.FileAppender$Builder.build(FileAppender.java:51)
	at org.apache.logging.log4j.core.config.plugins.util.PluginBuilder.build(PluginBuilder.java:122)
	at org.apache.logging.log4j.core.config.AbstractConfiguration.createPluginObject(AbstractConfiguration.java:952)
	at org.apache.logging.log4j.core.config.AbstractConfiguration.createConfiguration(AbstractConfiguration.java:892)
	at org.apache.logging.log4j.core.config.AbstractConfiguration.createConfiguration(AbstractConfiguration.java:884)
	at org.apache.logging.log4j.core.config.AbstractConfiguration.doConfigure(AbstractConfiguration.java:508)
	at org.apache.logging.log4j.core.config.AbstractConfiguration.initialize(AbstractConfiguration.java:232)
	at org.apache.logging.log4j.core.config.AbstractConfiguration.start(AbstractConfiguration.java:244)
	at org.apache.logging.log4j.core.LoggerContext.setConfiguration(LoggerContext.java:545)
	at org.apache.logging.log4j.core.LoggerContext.reconfigure(LoggerContext.java:617)
	at org.apache.logging.log4j.core.LoggerContext.reconfigure(LoggerContext.java:634)
	at org.apache.logging.log4j.core.LoggerContext.start(LoggerContext.java:229)
	at org.apache.logging.log4j.core.impl.Log4jContextFactory.getContext(Log4jContextFactory.java:152)
	at org.apache.logging.log4j.core.impl.Log4jContextFactory.getContext(Log4jContextFactory.java:45)
	at org.apache.logging.log4j.LogManager.getContext(LogManager.java:194)
	at org.apache.logging.log4j.spi.AbstractLoggerAdapter.getContext(AbstractLoggerAdapter.java:122)
	at org.apache.logging.slf4j.Log4jLoggerFactory.getContext(Log4jLoggerFactory.java:43)
	at org.apache.logging.log4j.spi.AbstractLoggerAdapter.getLogger(AbstractLoggerAdapter.java:46)
	at org.apache.logging.slf4j.Log4jLoggerFactory.getLogger(Log4jLoggerFactory.java:29)
	at org.slf4j.LoggerFactory.getLogger(LoggerFactory.java:358)
	at org.slf4j.LoggerFactory.getLogger(LoggerFactory.java:383)
	at com.complexible.stardog.Environment.<clinit>(Environment.java:26)
	at com.complexible.stardog.cli.admin.CLI.main(CLI.java:181)

2020-07-20 18:17:29,299 main ERROR Unable to inject fields into builder class for plugin type class org.apache.logging.log4j.core.appender.FileAppender, element File. java.lang.IllegalStateException: ManagerFactory [org.apache.logging.log4j.core.appender.FileManager$FileManagerFactory@609db43b] unable to create manager for [/var/log/stardog/zookeeper.log] with data [org.apache.logging.log4j.core.appender.FileManager$FactoryData@4a668b6e]
	at org.apache.logging.log4j.core.appender.AbstractManager.getManager(AbstractManager.java:114)
	at org.apache.logging.log4j.core.appender.OutputStreamManager.getManager(OutputStreamManager.java:114)
	at org.apache.logging.log4j.core.appender.FileManager.getFileManager(FileManager.java:112)
	at org.apache.logging.log4j.core.appender.FileAppender$Builder.build(FileAppender.java:86)
	at org.apache.logging.log4j.core.appender.FileAppender$Builder.build(FileAppender.java:51)
	at org.apache.logging.log4j.core.config.plugins.util.PluginBuilder.build(PluginBuilder.java:122)
	at org.apache.logging.log4j.core.config.AbstractConfiguration.createPluginObject(AbstractConfiguration.java:952)
	at org.apache.logging.log4j.core.config.AbstractConfiguration.createConfiguration(AbstractConfiguration.java:892)
	at org.apache.logging.log4j.core.config.AbstractConfiguration.createConfiguration(AbstractConfiguration.java:884)
	at org.apache.logging.log4j.core.config.AbstractConfiguration.doConfigure(AbstractConfiguration.java:508)
	at org.apache.logging.log4j.core.config.AbstractConfiguration.initialize(AbstractConfiguration.java:232)
	at org.apache.logging.log4j.core.config.AbstractConfiguration.start(AbstractConfiguration.java:244)
	at org.apache.logging.log4j.core.LoggerContext.setConfiguration(LoggerContext.java:545)
	at org.apache.logging.log4j.core.LoggerContext.reconfigure(LoggerContext.java:617)
	at org.apache.logging.log4j.core.LoggerContext.reconfigure(LoggerContext.java:634)
	at org.apache.logging.log4j.core.LoggerContext.start(LoggerContext.java:229)
	at org.apache.logging.log4j.core.impl.Log4jContextFactory.getContext(Log4jContextFactory.java:152)
	at org.apache.logging.log4j.core.impl.Log4jContextFactory.getContext(Log4jContextFactory.java:45)
	at org.apache.logging.log4j.LogManager.getContext(LogManager.java:194)
	at org.apache.logging.log4j.spi.AbstractLoggerAdapter.getContext(AbstractLoggerAdapter.java:122)
	at org.apache.logging.slf4j.Log4jLoggerFactory.getContext(Log4jLoggerFactory.java:43)
	at org.apache.logging.log4j.spi.AbstractLoggerAdapter.getLogger(AbstractLoggerAdapter.java:46)
	at org.apache.logging.slf4j.Log4jLoggerFactory.getLogger(Log4jLoggerFactory.java:29)
	at org.slf4j.LoggerFactory.getLogger(LoggerFactory.java:358)
	at org.slf4j.LoggerFactory.getLogger(LoggerFactory.java:383)
	at com.complexible.stardog.Environment.<clinit>(Environment.java:26)
	at com.complexible.stardog.cli.admin.CLI.main(CLI.java:181)

2020-07-20 18:17:29,300 main ERROR Unable to invoke factory method in class class org.apache.logging.log4j.core.appender.FileAppender for element File. java.lang.IllegalStateException: No factory method found for class org.apache.logging.log4j.core.appender.FileAppender
	at org.apache.logging.log4j.core.config.plugins.util.PluginBuilder.findFactoryMethod(PluginBuilder.java:224)
	at org.apache.logging.log4j.core.config.plugins.util.PluginBuilder.build(PluginBuilder.java:130)
	at org.apache.logging.log4j.core.config.AbstractConfiguration.createPluginObject(AbstractConfiguration.java:952)
	at org.apache.logging.log4j.core.config.AbstractConfiguration.createConfiguration(AbstractConfiguration.java:892)
	at org.apache.logging.log4j.core.config.AbstractConfiguration.createConfiguration(AbstractConfiguration.java:884)
	at org.apache.logging.log4j.core.config.AbstractConfiguration.doConfigure(AbstractConfiguration.java:508)
	at org.apache.logging.log4j.core.config.AbstractConfiguration.initialize(AbstractConfiguration.java:232)
	at org.apache.logging.log4j.core.config.AbstractConfiguration.start(AbstractConfiguration.java:244)
	at org.apache.logging.log4j.core.LoggerContext.setConfiguration(LoggerContext.java:545)
	at org.apache.logging.log4j.core.LoggerContext.reconfigure(LoggerContext.java:617)
	at org.apache.logging.log4j.core.LoggerContext.reconfigure(LoggerContext.java:634)
	at org.apache.logging.log4j.core.LoggerContext.start(LoggerContext.java:229)
	at org.apache.logging.log4j.core.impl.Log4jContextFactory.getContext(Log4jContextFactory.java:152)
	at org.apache.logging.log4j.core.impl.Log4jContextFactory.getContext(Log4jContextFactory.java:45)
	at org.apache.logging.log4j.LogManager.getContext(LogManager.java:194)
	at org.apache.logging.log4j.spi.AbstractLoggerAdapter.getContext(AbstractLoggerAdapter.java:122)
	at org.apache.logging.slf4j.Log4jLoggerFactory.getContext(Log4jLoggerFactory.java:43)
	at org.apache.logging.log4j.spi.AbstractLoggerAdapter.getLogger(AbstractLoggerAdapter.java:46)
	at org.apache.logging.slf4j.Log4jLoggerFactory.getLogger(Log4jLoggerFactory.java:29)
	at org.slf4j.LoggerFactory.getLogger(LoggerFactory.java:358)
	at org.slf4j.LoggerFactory.getLogger(LoggerFactory.java:383)
	at com.complexible.stardog.Environment.<clinit>(Environment.java:26)
	at com.complexible.stardog.cli.admin.CLI.main(CLI.java:181)

2020-07-20 18:17:29,301 main ERROR Null object returned for File in Appenders.
2020-07-20 18:17:29,301 main ERROR Null object returned for File in Appenders.
2020-07-20 18:17:29,313 main ERROR Unable to locate appender "stardogAppender" for logger config "root"
2020-07-20 18:17:29,313 main ERROR Unable to locate appender "stardogAppender" for logger config "org.apache.pdfbox.encoding.Encoding"
2020-07-20 18:17:29,313 main ERROR Unable to locate appender "zookeeperAppender" for logger config "org.apache.zookeeper"
2020-07-20 18:17:29,314 main ERROR Unable to locate appender "stardogAppender" for logger config "com.complexible.stardog"
2020-07-20 18:17:29,314 main ERROR Unable to locate appender "stardogAppender" for logger config "org.com.complexible.common.openrdf.rio.RDFWriterRegistry"
2020-07-20 18:17:29,314 main ERROR Unable to locate appender "stardogAppender" for logger config "com.complexible.stardog.Kernels"

************************************************************
This copy of Stardog is licensed to Zachary Whitley (zachary.whitley@gmail.com), Whitleysoft
This is a trial Enterprise license
This license will expire in 301 days on Tue May 18 14:28:35 EDT 2021
************************************************************

                                                             :;   
                                      ;;                   `;`:   
  `'+',    ::                        `++                    `;:`  
 +###++,  ,#+                        `++                    .     
 ##+.,',  '#+                         ++                     +    
,##      ####++  ####+:   ##,++` .###+++   .####+    ####++++#    
`##+     ####+'  ##+#++   ###++``###'+++  `###'+++  ###`,++,:     
 ####+    ##+        ++.  ##:   ###  `++  ###  `++` ##`  ++:      
  ###++,  ##+        ++,  ##`   ##;  `++  ##:   ++; ##,  ++:      
    ;+++  ##+    ####++,  ##`   ##:  `++  ##:   ++' ;##'#++       
     ;++  ##+   ###  ++,  ##`   ##'  `++  ##;   ++:  ####+        
,.   +++  ##+   ##:  ++,  ##`   ###  `++  ###  .++  '#;           
,####++'  +##++ ###+#+++` ##`   :####+++  `####++'  ;####++`      
`####+;    ##++  ###+,++` ##`    ;###:++   `###+;   `###++++      
                                                    ##   `++      
                                                   .##   ;++      
                                                    #####++`      
                                                     `;;;.        
************************************************************


Stardog server 7.3.2 started on Mon Jul 20 18:17:33 EDT 2020.

Stardog server is listening on all network interfaces.
HTTP server available at http://localhost:5888.

STARDOG_HOME=/home/zcw100/git/stardog-extensions/stardog_home/ 

Waiting for running tasks to complete...done. Executor service has been shut down.
Stardog server 7.3.2 shutdown on Mon Jul 20 18:18:33 EDT 2020.


