[DEBUG][2020/07/20 18:17:31:002][starrocks/main/native/src/kerneljni.cpp:507][140540232906496] Created a new logging configuration
[INFO ][2020/07/20 18:17:31:007][starrocks/main/native/src/memory_configurator.cpp:216][140540232906496] Memory model parameter (memtable): 0.4
[INFO ][2020/07/20 18:17:31:007][starrocks/main/native/src/memory_configurator.cpp:217][140540232906496] Memory model parameter (block_cache): 0.2
[INFO ][2020/07/20 18:17:31:007][starrocks/main/native/src/memory_configurator.cpp:219][140540232906496] Memory model parameter (dict_block_cache): 0.1
[INFO ][2020/07/20 18:17:31:007][starrocks/main/native/src/memory_configurator.cpp:221][140540232906496] Memory model parameter (txn_block_cache): 0.05
[INFO ][2020/07/20 18:17:31:007][starrocks/main/native/src/memory_configurator.cpp:223][140540232906496] Memory model parameter (buffer_pool_weight): 0.05
[INFO ][2020/07/20 18:17:31:007][starrocks/main/native/src/memory_configurator.cpp:225][140540232906496] Memory model parameter (untracked_memory_weight): 0.2
[INFO ][2020/07/20 18:17:31:009][starrocks/main/native/src/rocksconfig.cpp:347][140540232906496] Encryption code is NOT active.
[INFO ][2020/07/20 18:17:31:009][starrocks/main/native/src/rocksconfig.cpp:347][140540232906496] Encryption code is NOT active.
[INFO ][2020/07/20 18:17:31:070][starrocks/main/native/src/memory_configurator.cpp:216][140540232906496] Memory model parameter (memtable): 0.4
[INFO ][2020/07/20 18:17:31:070][starrocks/main/native/src/memory_configurator.cpp:217][140540232906496] Memory model parameter (block_cache): 0.2
[INFO ][2020/07/20 18:17:31:070][starrocks/main/native/src/memory_configurator.cpp:219][140540232906496] Memory model parameter (dict_block_cache): 0.1
[INFO ][2020/07/20 18:17:31:070][starrocks/main/native/src/memory_configurator.cpp:221][140540232906496] Memory model parameter (txn_block_cache): 0.05
[INFO ][2020/07/20 18:17:31:070][starrocks/main/native/src/memory_configurator.cpp:223][140540232906496] Memory model parameter (buffer_pool_weight): 0.05
[INFO ][2020/07/20 18:17:31:070][starrocks/main/native/src/memory_configurator.cpp:225][140540232906496] Memory model parameter (untracked_memory_weight): 0.2
[DEBUG][2020/07/20 18:17:31:072][starrocks/main/native/src/starrocks_kernel.cpp:96][140540232906496] KernelOptions: {
	memory_budget: 913099980
	memory_mode: DEFAULT
	memtable memory: 196724827
	buffer pool memory: 45654996
	untracked memory: 182619984
	num_cf_levels: 5
	target_file_size_multiplier: 2
	max_open_files: 4096
	parallelism: 32
	gatherRocksNativeStatistics: 0
	bloom_bits_per_key: 10
	db_path: /home/zcw100/git/stardog-extensions/stardog_home/data
	block_cache_opts: {
		block_cache_memory: 182619984
		cache_index_blocks: 0
		metadata_block_size: 4096
		strict_capacity: 1
	}

	dict_block_cache_opts: {
		block_cache_memory: 91309992
		cache_index_blocks: 1
		metadata_block_size: 4096
		strict_capacity: 1
	}

	txn_block_cache_opts: {
		block_cache_memory: 45654996
		cache_index_blocks: 1
		metadata_block_size: 4096
		strict_capacity: 1
	}

	block_size: 65536
	max_total_wal_size: 10737418240
	db_log_dir: 1024
	write_buffer_size: 8192
	request_timeout_ms: 100
}

[DEBUG][2020/07/20 18:17:31:113][starrocks/main/native/src/db_manager.cpp:38][140540232906496] Creating database with name=[system] and options {compression_type: 4 walEnabled: 1}
[DEBUG][2020/07/20 18:17:31:229][starrocks/main/native/src/dbmanagerjni.cpp:83][140540232906496] Get the Dictionary column family
[DEBUG][2020/07/20 18:17:31:229][starrocks/main/native/src/dbmanagerjni.cpp:98][140540232906496] Get the Value column family
[DEBUG][2020/07/20 18:17:31:230][starrocks/main/native/src/dbmanagerjni.cpp:113][140540232906496] Get the StatCharSet column family
[DEBUG][2020/07/20 18:17:31:230][starrocks/main/native/src/dbmanagerjni.cpp:128][140540232906496] Get the StatPropSet column family
[DEBUG][2020/07/20 18:17:31:230][starrocks/main/native/src/dbmanagerjni.cpp:143][140540232906496] Get the StatObjSet column family
[DEBUG][2020/07/20 18:17:31:230][starrocks/main/native/src/dbmanagerjni.cpp:158][140540232906496] Get the StatTx column family
[DEBUG][2020/07/20 18:17:31:230][starrocks/main/native/src/dbmanagerjni.cpp:173][140540232906496] Get the EqualityTx column family
[DEBUG][2020/07/20 18:17:31:230][starrocks/main/native/src/dbmanagerjni.cpp:188][140540232906496] Get the EqualityIndex column family
[INFO ][2020/07/20 18:17:31:358][starrocks/main/native/src/kvjni.cpp:267][140540232906496] Memory before cache cleanup: 228251770880
[INFO ][2020/07/20 18:17:31:358][starrocks/main/native/src/kvjni.cpp:273][140540232906496] Calling malloc_trim: 
[INFO ][2020/07/20 18:17:31:360][starrocks/main/native/src/kvjni.cpp:279][140540232906496] Memory after cache cleanup: 228262608896
[INFO ][2020/07/20 18:17:31:369][starrocks/main/native/src/kvjni.cpp:267][140540232906496] Memory before cache cleanup: 228260573184
[INFO ][2020/07/20 18:17:31:369][starrocks/main/native/src/kvjni.cpp:273][140540232906496] Calling malloc_trim: 
[INFO ][2020/07/20 18:17:31:370][starrocks/main/native/src/kvjni.cpp:279][140540232906496] Memory after cache cleanup: 228260573184
[DEBUG][2020/07/20 18:18:33:250][starrocks/main/native/src/database.cpp:72][140538802956032] Destroying the CF in ~Database system.equalityindex_0
[DEBUG][2020/07/20 18:18:33:250][starrocks/main/native/src/database.cpp:72][140538802956032] Destroying the CF in ~Database system.equalitytx_0
[DEBUG][2020/07/20 18:18:33:250][starrocks/main/native/src/database.cpp:72][140538802956032] Destroying the CF in ~Database system.stattx_0
[DEBUG][2020/07/20 18:18:33:250][starrocks/main/native/src/database.cpp:72][140538802956032] Destroying the CF in ~Database system.dictionary_0
[DEBUG][2020/07/20 18:18:33:250][starrocks/main/native/src/database.cpp:72][140538802956032] Destroying the CF in ~Database system.TERNARY_0
[DEBUG][2020/07/20 18:18:33:250][starrocks/main/native/src/database.cpp:72][140538802956032] Destroying the CF in ~Database system.value_0
[DEBUG][2020/07/20 18:18:33:250][starrocks/main/native/src/database.cpp:72][140538802956032] Destroying the CF in ~Database system.statcharset_0
[DEBUG][2020/07/20 18:18:33:250][starrocks/main/native/src/database.cpp:72][140538802956032] Destroying the CF in ~Database system.statpropset_0
[DEBUG][2020/07/20 18:18:33:250][starrocks/main/native/src/database.cpp:72][140538802956032] Destroying the CF in ~Database system.statobjset_0
[DEBUG][2020/07/20 18:18:33:250][starrocks/main/native/src/starrocks_kernel.cpp:100][140538802956032] ~StarrocksKernel
